<?xml version="1.0" encoding="UTF-8"?>
<!-- Generated by org.testng.reporters.JUnitReportReporter -->
<testsuite hostname="DESKTOP-391I0KH" failures="0" tests="1" name="testng.ConfigurationAnnotations" time="0.011" errors="0" timestamp="2023-11-11T09:35:47 IST" skipped="0">
  <testcase classname="testng.ConfigurationAnnotations" name="method1" time="0.011"/>
  <system-out/>
</testsuite> <!-- testng.ConfigurationAnnotations -->
