<?xml version="1.0" encoding="UTF-8"?>
<!-- Generated by org.testng.reporters.JUnitReportReporter -->
<testsuite hostname="DESKTOP-391I0KH" failures="0" tests="1" name="multiBrowser.CrossbrowserExecution" time="5.050" errors="0" timestamp="2023-11-11T09:34:54 IST" skipped="0">
  <testcase classname="multiBrowser.CrossbrowserExecution" name="amazon" time="5.050"/>
  <system-out/>
</testsuite> <!-- multiBrowser.CrossbrowserExecution -->
