<?xml version="1.0" encoding="UTF-8"?>
<!-- Generated by org.testng.reporters.JUnitReportReporter -->
<testsuite hostname="DESKTOP-391I0KH" failures="0" tests="1" name="testngexecution.TC_2" time="12.563" errors="0" timestamp="2023-11-09T10:25:18 IST" skipped="0">
  <testcase classname="testngexecution.TC_2" name="naigatingToflipkart" time="12.563"/>
  <system-out/>
</testsuite> <!-- testngexecution.TC_2 -->
