<?xml version="1.0" encoding="UTF-8"?>
<!-- Generated by org.testng.reporters.JUnitReportReporter -->
<testsuite hostname="DESKTOP-391I0KH" failures="0" tests="1" name="testngexecution.TC_4" time="11.007" errors="0" timestamp="2023-11-09T10:25:18 IST" skipped="0">
  <testcase classname="testngexecution.TC_4" name="naigatingToMeesho" time="11.007"/>
  <system-out/>
</testsuite> <!-- testngexecution.TC_4 -->
