<?xml version="1.0" encoding="UTF-8"?>
<!-- Generated by org.testng.reporters.JUnitReportReporter -->
<testsuite hostname="DESKTOP-391I0KH" failures="0" tests="3" name="testng.DemonstrationforPriority" time="0.017" errors="0" timestamp="2023-11-10T16:19:12 IST" skipped="0">
  <testcase classname="testng.DemonstrationforPriority" name="loguot" time="0.001"/>
  <system-out/>
  <testcase classname="testng.DemonstrationforPriority" name="home" time="0.015"/>
  <system-out/>
  <testcase classname="testng.DemonstrationforPriority" name="login" time="0.001"/>
  <system-out/>
</testsuite> <!-- testng.DemonstrationforPriority -->
