<?xml version="1.0" encoding="UTF-8"?>
<!-- Generated by org.testng.reporters.JUnitReportReporter -->
<testsuite hostname="DESKTOP-391I0KH" failures="0" tests="3" name="testng.DisableTestCase" time="0.017" errors="0" timestamp="2023-11-15T18:20:45 IST" skipped="1">
  <testcase classname="testng.DisableTestCase" name="home" time="0.015"/>
  <system-out/>
  <testcase classname="testng.DisableTestCase" name="login" time="0.002"/>
  <system-out/>
  <testcase classname="testng.DisableTestCase" name="loguot">
    <skipped/>
  </testcase> <!-- loguot -->
  <system-out/>
</testsuite> <!-- testng.DisableTestCase -->
