<?xml version="1.0" encoding="UTF-8"?>
<!-- Generated by org.testng.reporters.JUnitReportReporter -->
<testsuite hostname="DESKTOP-391I0KH" failures="0" tests="3" name="testng.DemonstrationForDependsOnMehods" time="0.017" errors="0" timestamp="2023-11-09T09:18:29 IST" skipped="0">
  <testcase classname="testng.DemonstrationForDependsOnMehods" name="loguot" time="0.002"/>
  <system-out/>
  <testcase classname="testng.DemonstrationForDependsOnMehods" name="login" time="0.013"/>
  <system-out/>
  <testcase classname="testng.DemonstrationForDependsOnMehods" name="home" time="0.002"/>
  <system-out/>
</testsuite> <!-- testng.DemonstrationForDependsOnMehods -->
