<?xml version="1.0" encoding="UTF-8"?>
<!-- Generated by org.testng.reporters.JUnitReportReporter -->
<testsuite hostname="DESKTOP-391I0KH" failures="0" tests="10" name="testng.InvocationCount" time="0.022" errors="0" timestamp="2023-11-15T18:10:14 IST" skipped="0">
  <testcase classname="testng.InvocationCount" name="login" time="0.000"/>
  <system-out/>
  <testcase classname="testng.InvocationCount" name="login" time="0.001"/>
  <system-out/>
  <testcase classname="testng.InvocationCount" name="login" time="0.001"/>
  <system-out/>
  <testcase classname="testng.InvocationCount" name="login" time="0.001"/>
  <system-out/>
  <testcase classname="testng.InvocationCount" name="login" time="0.001"/>
  <system-out/>
  <testcase classname="testng.InvocationCount" name="login" time="0.001"/>
  <system-out/>
  <testcase classname="testng.InvocationCount" name="login" time="0.001"/>
  <system-out/>
  <testcase classname="testng.InvocationCount" name="login" time="0.002"/>
  <system-out/>
  <testcase classname="testng.InvocationCount" name="login" time="0.001"/>
  <system-out/>
  <testcase classname="testng.InvocationCount" name="login" time="0.013"/>
  <system-out/>
</testsuite> <!-- testng.InvocationCount -->
