<?xml version="1.0" encoding="UTF-8"?>
<!-- Generated by org.testng.reporters.JUnitReportReporter -->
<testsuite hostname="DESKTOP-391I0KH" failures="0" tests="1" name="testngexecution.Tc4" time="9.448" errors="0" timestamp="2023-11-10T21:48:33 IST" skipped="0">
  <testcase classname="testngexecution.Tc4" name="amazon" time="9.448"/>
  <system-out/>
</testsuite> <!-- testngexecution.Tc4 -->
