<?xml version="1.0" encoding="UTF-8"?>
<!-- Generated by org.testng.reporters.JUnitReportReporter -->
<testsuite hostname="DESKTOP-391I0KH" failures="0" tests="1" name="testngexecution.task4" time="35.925" errors="0" timestamp="2023-11-09T10:52:49 IST" skipped="0">
  <testcase classname="testngexecution.task4" name="flipkart" time="35.925"/>
  <system-out/>
</testsuite> <!-- testngexecution.task4 -->
