<?xml version="1.0" encoding="UTF-8"?>
<!-- Generated by org.testng.reporters.JUnitReportReporter -->
<testsuite hostname="DESKTOP-391I0KH" failures="0" tests="1" name="testngexecution.DemoForCrossBrowser" time="0.013" errors="0" timestamp="2023-11-10T10:22:37 IST" skipped="0">
  <testcase classname="testngexecution.DemoForCrossBrowser" name="demo" time="0.013"/>
  <system-out/>
</testsuite> <!-- testngexecution.DemoForCrossBrowser -->
