<?xml version="1.0" encoding="UTF-8"?>
<!-- Generated by org.testng.reporters.JUnitReportReporter -->
<testsuite hostname="DESKTOP-391I0KH" failures="0" tests="1" name="testngexecution.Tc3" time="5.330" errors="0" timestamp="2023-11-10T21:48:33 IST" skipped="0">
  <testcase classname="testngexecution.Tc3" name="amazon" time="5.330"/>
  <system-out/>
</testsuite> <!-- testngexecution.Tc3 -->
