<?xml version="1.0" encoding="UTF-8"?>
<!-- Generated by org.testng.reporters.JUnitReportReporter -->
<testsuite hostname="DESKTOP-391I0KH" failures="0" tests="5" name="testng.InvocationCountAndThreadPoolSize" time="35.743" errors="0" timestamp="2023-11-09T09:38:21 IST" skipped="0">
  <testcase classname="testng.InvocationCountAndThreadPoolSize" name="login" time="7.179"/>
  <system-out/>
  <testcase classname="testng.InvocationCountAndThreadPoolSize" name="login" time="7.164"/>
  <system-out/>
  <testcase classname="testng.InvocationCountAndThreadPoolSize" name="login" time="7.102"/>
  <system-out/>
  <testcase classname="testng.InvocationCountAndThreadPoolSize" name="login" time="7.180"/>
  <system-out/>
  <testcase classname="testng.InvocationCountAndThreadPoolSize" name="login" time="7.118"/>
  <system-out/>
</testsuite> <!-- testng.InvocationCountAndThreadPoolSize -->
