<?xml version="1.0" encoding="UTF-8"?>
<!-- Generated by org.testng.reporters.JUnitReportReporter -->
<testsuite hostname="DESKTOP-391I0KH" failures="0" tests="1" name="testng.GeneratingReports" time="5.602" errors="0" timestamp="2023-11-11T10:11:42 IST" skipped="0">
  <testcase classname="testng.GeneratingReports" name="testCase" time="5.602"/>
  <system-out>
    <![CDATA[broweser is launched
window is maximized
navigated to appication
browser is closed]]>
  </system-out>
</testsuite> <!-- testng.GeneratingReports -->
