<?xml version="1.0" encoding="UTF-8"?>
<!-- Generated by org.testng.reporters.JUnitReportReporter -->
<testsuite hostname="DESKTOP-391I0KH" failures="0" tests="1" name="testngexecution.task3" time="6.904" errors="0" timestamp="2023-11-09T10:52:49 IST" skipped="0">
  <testcase classname="testngexecution.task3" name="ajio" time="6.904"/>
  <system-out/>
</testsuite> <!-- testngexecution.task3 -->
